<?xml version="1.0" encoding="UTF-8"?>
<testng-results ignored="0" total="1" passed="1" failed="0" skipped="0">
  <reporter-output>
  </reporter-output>
  <suite started-at="2024-07-04T17:03:32 IST" name="Suite" finished-at="2024-07-04T17:04:13 IST" duration-ms="41548">
    <groups>
    </groups>
    <test started-at="2024-07-04T17:03:32 IST" name="ChromeTest" finished-at="2024-07-04T17:04:13 IST" duration-ms="41548">
      <class name="com.dvm.qa.selenium.testcases.OrangeHRM_PIM_addEmployeePageTest">
        <test-method is-config="true" signature="setUp(java.lang.String)[pri:0, instance:com.dvm.qa.selenium.testcases.OrangeHRM_PIM_addEmployeePageTest@223191a6]" started-at="2024-07-04T17:03:32 IST" name="setUp" finished-at="2024-07-04T17:03:38 IST" duration-ms="6322" status="PASS">
          <params>
            <param index="0">
              <value>
                <![CDATA[chrome]]>
              </value>
            </param>
          </params>
          <reporter-output>
          </reporter-output>
        </test-method> <!-- setUp -->
        <test-method signature="verifyAdminCanAddEmployee()[pri:0, instance:com.dvm.qa.selenium.testcases.OrangeHRM_PIM_addEmployeePageTest@223191a6]" started-at="2024-07-04T17:03:38 IST" name="verifyAdminCanAddEmployee" finished-at="2024-07-04T17:04:12 IST" duration-ms="34400" status="PASS">
          <reporter-output>
          </reporter-output>
        </test-method> <!-- verifyAdminCanAddEmployee -->
        <test-method is-config="true" signature="tearDown()[pri:0, instance:com.dvm.qa.selenium.testcases.OrangeHRM_PIM_addEmployeePageTest@223191a6]" started-at="2024-07-04T17:04:12 IST" name="tearDown" finished-at="2024-07-04T17:04:13 IST" duration-ms="790" status="PASS">
          <reporter-output>
          </reporter-output>
        </test-method> <!-- tearDown -->
      </class> <!-- com.dvm.qa.selenium.testcases.OrangeHRM_PIM_addEmployeePageTest -->
    </test> <!-- ChromeTest -->
  </suite> <!-- Suite -->
</testng-results>
