<?xml version="1.0" encoding="UTF-8"?>
<testng-results ignored="0" total="2" passed="2" failed="0" skipped="0">
  <reporter-output>
  </reporter-output>
  <suite started-at="2024-06-28T12:14:01 IST" name="Default suite" finished-at="2024-06-28T12:14:31 IST" duration-ms="29641">
    <groups>
    </groups>
    <test started-at="2024-06-28T12:14:01 IST" name="Default test" finished-at="2024-06-28T12:14:31 IST" duration-ms="29641">
      <class name="com.dvm.qa.selenium.testcases.OrangeHRM_loginPageTest">
        <test-method is-config="true" signature="setup()[pri:0, instance:com.dvm.qa.selenium.testcases.OrangeHRM_loginPageTest@130d63be]" started-at="2024-06-28T12:14:01 IST" name="setup" finished-at="2024-06-28T12:14:10 IST" duration-ms="9453" status="PASS">
          <reporter-output>
          </reporter-output>
        </test-method> <!-- setup -->
        <test-method signature="verify_OrangeHRM_Login_with_valid_credentials()[pri:0, instance:com.dvm.qa.selenium.testcases.OrangeHRM_loginPageTest@130d63be]" started-at="2024-06-28T12:14:10 IST" name="verify_OrangeHRM_Login_with_valid_credentials" finished-at="2024-06-28T12:14:14 IST" duration-ms="3290" status="PASS">
          <reporter-output>
          </reporter-output>
        </test-method> <!-- verify_OrangeHRM_Login_with_valid_credentials -->
        <test-method is-config="true" signature="tearDown()[pri:0, instance:com.dvm.qa.selenium.testcases.OrangeHRM_loginPageTest@130d63be]" started-at="2024-06-28T12:14:14 IST" name="tearDown" finished-at="2024-06-28T12:14:16 IST" duration-ms="2237" status="PASS">
          <reporter-output>
          </reporter-output>
        </test-method> <!-- tearDown -->
        <test-method is-config="true" signature="setup()[pri:0, instance:com.dvm.qa.selenium.testcases.OrangeHRM_loginPageTest@130d63be]" started-at="2024-06-28T12:14:16 IST" name="setup" finished-at="2024-06-28T12:14:26 IST" duration-ms="9721" status="PASS">
          <reporter-output>
          </reporter-output>
        </test-method> <!-- setup -->
        <test-method signature="verify_Orange_HRM_Login_with_Invalid_Credentials(java.lang.String,java.lang.String)[pri:0, instance:com.dvm.qa.selenium.testcases.OrangeHRM_loginPageTest@130d63be]" started-at="2024-06-28T12:14:26 IST" name="verify_Orange_HRM_Login_with_Invalid_Credentials" data-provider="dataProvidertest" finished-at="2024-06-28T12:14:28 IST" duration-ms="2593" status="PASS">
          <params>
            <param index="0">
              <value>
                <![CDATA[Jorgn]]>
              </value>
            </param>
            <param index="1">
              <value>
                <![CDATA[admin@123]]>
              </value>
            </param>
          </params>
          <reporter-output>
          </reporter-output>
        </test-method> <!-- verify_Orange_HRM_Login_with_Invalid_Credentials -->
        <test-method is-config="true" signature="tearDown()[pri:0, instance:com.dvm.qa.selenium.testcases.OrangeHRM_loginPageTest@130d63be]" started-at="2024-06-28T12:14:28 IST" name="tearDown" finished-at="2024-06-28T12:14:31 IST" duration-ms="2246" status="PASS">
          <reporter-output>
          </reporter-output>
        </test-method> <!-- tearDown -->
      </class> <!-- com.dvm.qa.selenium.testcases.OrangeHRM_loginPageTest -->
    </test> <!-- Default test -->
  </suite> <!-- Default suite -->
</testng-results>
